已經開始建置於 2013/10/19 下午 07:19:55。
     1>節點 2 (build 目標) 上的專案 "C:\Users\user\Desktop\For\For\For.vcxproj"。
     1>InitializeBuildStatus:
         由於指定了 "AlwaysCreate"，因此正在建立 "Debug\For.unsuccessfulbuild"。
       GenerateTargetFrameworkMonikerAttribute:
       將略過目標 "GenerateTargetFrameworkMonikerAttribute"，因為所有輸出檔對於其輸入檔而言都已更新。
       ClCompile:
         所有輸出都是最新的。
         C:\Program Files (x86)\Microsoft Visual Studio 10.0\VC\bin\CL.exe /c /AI"C:\Program Files (x86)\Reference Assemblies\Microsoft\Framework\.NETFramework\v4.0" /Zi /clr:pure /nologo /W3 /WX- /Od /Oy- /D WIN32 /D _DEBUG /D _UNICODE /D UNICODE /EHa /MDd /GS /fp:precise /Zc:wchar_t /Zc:forScope /Yu"StdAfx.h" /Fp"Debug\For.pch" /Fo"Debug\\" /Fd"Debug\vc100.pdb" /TP /FU"C:\Program Files (x86)\Reference Assemblies\Microsoft\Framework\.NETFramework\v4.0\System.Core.dll" /FU"C:\Program Files (x86)\Reference Assemblies\Microsoft\Framework\.NETFramework\v4.0\System.Data.dll" /FU"C:\Program Files (x86)\Reference Assemblies\Microsoft\Framework\.NETFramework\v4.0\System.dll" /FU"C:\Program Files (x86)\Reference Assemblies\Microsoft\Framework\.NETFramework\v4.0\System.Drawing.dll" /FU"C:\Program Files (x86)\Reference Assemblies\Microsoft\Framework\.NETFramework\v4.0\System.Windows.Forms.dll" /FU"C:\Program Files (x86)\Reference Assemblies\Microsoft\Framework\.NETFramework\v4.0\System.Xml.dll" /analyze- /errorReport:prompt For.cpp /clr:nostdlib 
         For.cpp
     1>c:\users\user\desktop\for\for\Form1.h(85): warning C4244: '引數' : 將 'int' 轉換為 'float'，由於型別不同，可能導致資料遺失
     1>c:\users\user\desktop\for\for\Form1.h(85): warning C4244: '引數' : 將 'int' 轉換為 'float'，由於型別不同，可能導致資料遺失
         所有輸出都是最新的。
       CoreResGen:
         所有輸出都是最新的。
       ResourceCompile:
         所有輸出都是最新的。
       Link:
         C:\Program Files (x86)\Microsoft Visual Studio 10.0\VC\bin\link.exe /ERRORREPORT:PROMPT /OUT:"C:\Users\user\Desktop\For\Debug\For.exe" /INCREMENTAL /NOLOGO /ASSEMBLYRESOURCE:Debug\For.Form1.resources /MANIFEST /ManifestFile:"Debug\For.exe.intermediate.manifest" /MANIFESTUAC:"level='asInvoker' uiAccess='false'" /DEBUG /PDB:"C:\Users\user\Desktop\For\Debug\For.pdb" /ASSEMBLYDEBUG /SUBSYSTEM:WINDOWS /TLBID:1 /ENTRY:"main" /DYNAMICBASE /FIXED:NO /NXCOMPAT /MACHINE:X86 Debug\app.res
         Debug\AssemblyInfo.obj
         Debug\For.obj
         Debug\stdafx.obj
         "Debug\.NETFramework,Version=v4.0.AssemblyAttributes.obj"
         For.vcxproj -> C:\Users\user\Desktop\For\Debug\For.exe
       Manifest:
         C:\Program Files (x86)\Microsoft SDKs\Windows\v7.0A\bin\mt.exe /nologo /verbose /outputresource:"C:\Users\user\Desktop\For\Debug\For.exe;#1" /manifest Debug\For.exe.intermediate.manifest
       FinalizeBuildStatus:
         正在刪除檔案 "Debug\For.unsuccessfulbuild"。
         正在變更時間戳記 "Debug\For.lastbuildstate"。
     1>專案 "C:\Users\user\Desktop\For\For\For.vcxproj" (build 目標) 建置完成。

建置成功。

經過時間 00:00:00.69
