C:\USERS\USER\DESKTOP\FOR\DEBUG\FOR.EXE
C:\USERS\USER\DESKTOP\FOR\DEBUG\FOR.ILK
C:\USERS\USER\DESKTOP\FOR\DEBUG\FOR.PDB
C:\USERS\USER\DESKTOP\FOR\FOR\DEBUG\.NETFRAMEWORK,VERSION=V4.0.ASSEMBLYATTRIBUTES.OBJ
C:\USERS\USER\DESKTOP\FOR\FOR\DEBUG\APP.RES
C:\USERS\USER\DESKTOP\FOR\FOR\DEBUG\ASSEMBLYINFO.OBJ
C:\Users\user\Desktop\For\For\Debug\cl.command.1.tlog
C:\Users\user\Desktop\For\For\Debug\CL.read.1.tlog
C:\Users\user\Desktop\For\For\Debug\CL.write.1.tlog
C:\USERS\USER\DESKTOP\FOR\FOR\DEBUG\FOR.EXE.INTERMEDIATE.MANIFEST
C:\USERS\USER\DESKTOP\FOR\FOR\DEBUG\FOR.FORM1.RESOURCES
C:\USERS\USER\DESKTOP\FOR\FOR\DEBUG\FOR.OBJ
C:\USERS\USER\DESKTOP\FOR\FOR\DEBUG\FOR.PCH
C:\Users\user\Desktop\For\For\Debug\For.write.1.tlog
C:\Users\user\Desktop\For\For\Debug\GenerateResource.read.73.tlog
C:\Users\user\Desktop\For\For\Debug\GenerateResource.write.73.tlog
C:\Users\user\Desktop\For\For\Debug\link.8616.read.1.tlog
C:\Users\user\Desktop\For\For\Debug\link.8616.write.1.tlog
C:\Users\user\Desktop\For\For\Debug\link.8616-cvtres.read.1.tlog
C:\Users\user\Desktop\For\For\Debug\link.8616-cvtres.write.1.tlog
C:\Users\user\Desktop\For\For\Debug\link.command.1.tlog
C:\Users\user\Desktop\For\For\Debug\link.read.1.tlog
C:\Users\user\Desktop\For\For\Debug\link.write.1.tlog
C:\Users\user\Desktop\For\For\Debug\metagen.read.1.tlog
C:\Users\user\Desktop\For\For\Debug\metagen.write.1.tlog
C:\Users\user\Desktop\For\For\Debug\mt.command.1.tlog
C:\Users\user\Desktop\For\For\Debug\mt.read.1.tlog
C:\Users\user\Desktop\For\For\Debug\mt.write.1.tlog
C:\Users\user\Desktop\For\For\Debug\rc.command.1.tlog
C:\Users\user\Desktop\For\For\Debug\rc.read.1.tlog
C:\Users\user\Desktop\For\For\Debug\rc.write.1.tlog
C:\Users\user\Desktop\For\For\Debug\RSAENH.DLL.bi
C:\USERS\USER\DESKTOP\FOR\FOR\DEBUG\STDAFX.OBJ
C:\Users\user\Desktop\For\For\Debug\TZRES.DLL.bi
C:\USERS\USER\DESKTOP\FOR\FOR\DEBUG\VC100.PDB
