C:\USERS\USER\DESKTOP\MESSAGEBOX_SHOW\DEBUG\MESSAGEBOX_SHOW.EXE
C:\USERS\USER\DESKTOP\MESSAGEBOX_SHOW\DEBUG\MESSAGEBOX_SHOW.ILK
C:\USERS\USER\DESKTOP\MESSAGEBOX_SHOW\DEBUG\MESSAGEBOX_SHOW.PDB
C:\USERS\USER\DESKTOP\MESSAGEBOX_SHOW\MESSAGEBOX_SHOW\DEBUG\.NETFRAMEWORK,VERSION=V4.0.ASSEMBLYATTRIBUTES.OBJ
C:\USERS\USER\DESKTOP\MESSAGEBOX_SHOW\MESSAGEBOX_SHOW\DEBUG\APP.RES
C:\USERS\USER\DESKTOP\MESSAGEBOX_SHOW\MESSAGEBOX_SHOW\DEBUG\ASSEMBLYINFO.OBJ
C:\Users\user\Desktop\MessageBox_Show\MessageBox_Show\Debug\cl.command.1.tlog
C:\Users\user\Desktop\MessageBox_Show\MessageBox_Show\Debug\CL.read.1.tlog
C:\Users\user\Desktop\MessageBox_Show\MessageBox_Show\Debug\CL.write.1.tlog
C:\Users\user\Desktop\MessageBox_Show\MessageBox_Show\Debug\GenerateResource.read.24.tlog
C:\Users\user\Desktop\MessageBox_Show\MessageBox_Show\Debug\GenerateResource.write.24.tlog
C:\Users\user\Desktop\MessageBox_Show\MessageBox_Show\Debug\link.1620.read.1.tlog
C:\Users\user\Desktop\MessageBox_Show\MessageBox_Show\Debug\link.1620.write.1.tlog
C:\Users\user\Desktop\MessageBox_Show\MessageBox_Show\Debug\link.1620-cvtres.read.1.tlog
C:\Users\user\Desktop\MessageBox_Show\MessageBox_Show\Debug\link.1620-cvtres.write.1.tlog
C:\Users\user\Desktop\MessageBox_Show\MessageBox_Show\Debug\link.command.1.tlog
C:\Users\user\Desktop\MessageBox_Show\MessageBox_Show\Debug\link.read.1.tlog
C:\Users\user\Desktop\MessageBox_Show\MessageBox_Show\Debug\link.write.1.tlog
C:\USERS\USER\DESKTOP\MESSAGEBOX_SHOW\MESSAGEBOX_SHOW\DEBUG\MESSAGEBOX_SHOW.EXE.INTERMEDIATE.MANIFEST
C:\USERS\USER\DESKTOP\MESSAGEBOX_SHOW\MESSAGEBOX_SHOW\DEBUG\MESSAGEBOX_SHOW.FORM1.RESOURCES
C:\USERS\USER\DESKTOP\MESSAGEBOX_SHOW\MESSAGEBOX_SHOW\DEBUG\MESSAGEBOX_SHOW.OBJ
C:\USERS\USER\DESKTOP\MESSAGEBOX_SHOW\MESSAGEBOX_SHOW\DEBUG\MESSAGEBOX_SHOW.PCH
C:\Users\user\Desktop\MessageBox_Show\MessageBox_Show\Debug\MessageBox_Show.write.1.tlog
C:\Users\user\Desktop\MessageBox_Show\MessageBox_Show\Debug\metagen.read.1.tlog
C:\Users\user\Desktop\MessageBox_Show\MessageBox_Show\Debug\metagen.write.1.tlog
C:\Users\user\Desktop\MessageBox_Show\MessageBox_Show\Debug\mt.command.1.tlog
C:\Users\user\Desktop\MessageBox_Show\MessageBox_Show\Debug\mt.read.1.tlog
C:\Users\user\Desktop\MessageBox_Show\MessageBox_Show\Debug\mt.write.1.tlog
C:\Users\user\Desktop\MessageBox_Show\MessageBox_Show\Debug\rc.command.1.tlog
C:\Users\user\Desktop\MessageBox_Show\MessageBox_Show\Debug\rc.read.1.tlog
C:\Users\user\Desktop\MessageBox_Show\MessageBox_Show\Debug\rc.write.1.tlog
C:\Users\user\Desktop\MessageBox_Show\MessageBox_Show\Debug\RSAENH.DLL.bi
C:\USERS\USER\DESKTOP\MESSAGEBOX_SHOW\MESSAGEBOX_SHOW\DEBUG\STDAFX.OBJ
C:\Users\user\Desktop\MessageBox_Show\MessageBox_Show\Debug\TZRES.DLL.bi
C:\USERS\USER\DESKTOP\MESSAGEBOX_SHOW\MESSAGEBOX_SHOW\DEBUG\VC100.PDB
