C:\USERS\USER\DESKTOP\SCROLL\DEBUG\SCROLL.EXE
C:\USERS\USER\DESKTOP\SCROLL\DEBUG\SCROLL.ILK
C:\USERS\USER\DESKTOP\SCROLL\DEBUG\SCROLL.PDB
C:\USERS\USER\DESKTOP\SCROLL\SCROLL\DEBUG\.NETFRAMEWORK,VERSION=V4.0.ASSEMBLYATTRIBUTES.OBJ
C:\USERS\USER\DESKTOP\SCROLL\SCROLL\DEBUG\APP.RES
C:\USERS\USER\DESKTOP\SCROLL\SCROLL\DEBUG\ASSEMBLYINFO.OBJ
C:\Users\user\Desktop\Scroll\Scroll\Debug\cl.command.1.tlog
C:\Users\user\Desktop\Scroll\Scroll\Debug\CL.read.1.tlog
C:\Users\user\Desktop\Scroll\Scroll\Debug\CL.write.1.tlog
C:\Users\user\Desktop\Scroll\Scroll\Debug\GenerateResource.read.63.tlog
C:\Users\user\Desktop\Scroll\Scroll\Debug\GenerateResource.write.63.tlog
C:\Users\user\Desktop\Scroll\Scroll\Debug\link.8368.read.1.tlog
C:\Users\user\Desktop\Scroll\Scroll\Debug\link.8368.write.1.tlog
C:\Users\user\Desktop\Scroll\Scroll\Debug\link.8368-cvtres.read.1.tlog
C:\Users\user\Desktop\Scroll\Scroll\Debug\link.8368-cvtres.write.1.tlog
C:\Users\user\Desktop\Scroll\Scroll\Debug\link.command.1.tlog
C:\Users\user\Desktop\Scroll\Scroll\Debug\link.read.1.tlog
C:\Users\user\Desktop\Scroll\Scroll\Debug\link.write.1.tlog
C:\Users\user\Desktop\Scroll\Scroll\Debug\metagen.read.1.tlog
C:\Users\user\Desktop\Scroll\Scroll\Debug\metagen.write.1.tlog
C:\Users\user\Desktop\Scroll\Scroll\Debug\mt.command.1.tlog
C:\Users\user\Desktop\Scroll\Scroll\Debug\mt.read.1.tlog
C:\Users\user\Desktop\Scroll\Scroll\Debug\mt.write.1.tlog
C:\Users\user\Desktop\Scroll\Scroll\Debug\rc.command.1.tlog
C:\Users\user\Desktop\Scroll\Scroll\Debug\rc.read.1.tlog
C:\Users\user\Desktop\Scroll\Scroll\Debug\rc.write.1.tlog
C:\Users\user\Desktop\Scroll\Scroll\Debug\RSAENH.DLL.bi
C:\USERS\USER\DESKTOP\SCROLL\SCROLL\DEBUG\SCROLL.EXE.INTERMEDIATE.MANIFEST
C:\USERS\USER\DESKTOP\SCROLL\SCROLL\DEBUG\SCROLL.FORM1.RESOURCES
C:\USERS\USER\DESKTOP\SCROLL\SCROLL\DEBUG\SCROLL.OBJ
C:\USERS\USER\DESKTOP\SCROLL\SCROLL\DEBUG\SCROLL.PCH
C:\Users\user\Desktop\Scroll\Scroll\Debug\Scroll.write.1.tlog
C:\USERS\USER\DESKTOP\SCROLL\SCROLL\DEBUG\STDAFX.OBJ
C:\Users\user\Desktop\Scroll\Scroll\Debug\TZRES.DLL.bi
C:\USERS\USER\DESKTOP\SCROLL\SCROLL\DEBUG\VC100.PDB
