C:\USERS\USER\DESKTOP\LEARN\DEBUG\LEARN.EXE
C:\USERS\USER\DESKTOP\LEARN\DEBUG\LEARN.ILK
C:\USERS\USER\DESKTOP\LEARN\DEBUG\LEARN.PDB
C:\USERS\USER\DESKTOP\LEARN\LEARN\DEBUG\.NETFRAMEWORK,VERSION=V4.0.ASSEMBLYATTRIBUTES.OBJ
C:\USERS\USER\DESKTOP\LEARN\LEARN\DEBUG\APP.RES
C:\USERS\USER\DESKTOP\LEARN\LEARN\DEBUG\ASSEMBLYINFO.OBJ
C:\USERS\USER\DESKTOP\LEARN\LEARN\DEBUG\LEARN.EXE.INTERMEDIATE.MANIFEST
C:\USERS\USER\DESKTOP\LEARN\LEARN\DEBUG\LEARN.FORM1.RESOURCES
C:\USERS\USER\DESKTOP\LEARN\LEARN\DEBUG\LEARN.OBJ
C:\USERS\USER\DESKTOP\LEARN\LEARN\DEBUG\LEARN.PCH
C:\USERS\USER\DESKTOP\LEARN\LEARN\DEBUG\STDAFX.OBJ
C:\USERS\USER\DESKTOP\LEARN\LEARN\DEBUG\VC100.PDB
C:\USERS\USER\DESKTOP\VISUAL C++ PRACTICE\LEARN\DEBUG\LEARN.EXE
C:\USERS\USER\DESKTOP\VISUAL C++ PRACTICE\LEARN\DEBUG\LEARN.ILK
C:\USERS\USER\DESKTOP\VISUAL C++ PRACTICE\LEARN\DEBUG\LEARN.PDB
C:\Users\user\Desktop\Visual C++ practice\learn\learn\Debug\.NETFramework,Version=v4.0.AssemblyAttributes.obj
C:\USERS\USER\DESKTOP\VISUAL C++ PRACTICE\LEARN\LEARN\DEBUG\APP.RES
C:\USERS\USER\DESKTOP\VISUAL C++ PRACTICE\LEARN\LEARN\DEBUG\ASSEMBLYINFO.OBJ
C:\Users\user\Desktop\Visual C++ practice\learn\learn\Debug\cl.command.1.tlog
C:\Users\user\Desktop\Visual C++ practice\learn\learn\Debug\CL.read.1.tlog
C:\Users\user\Desktop\Visual C++ practice\learn\learn\Debug\CL.write.1.tlog
C:\Users\user\Desktop\Visual C++ practice\learn\learn\Debug\GenerateResource.read.1.tlog
C:\Users\user\Desktop\Visual C++ practice\learn\learn\Debug\GenerateResource.read.60.tlog
C:\Users\user\Desktop\Visual C++ practice\learn\learn\Debug\GenerateResource.write.1.tlog
C:\Users\user\Desktop\Visual C++ practice\learn\learn\Debug\GenerateResource.write.60.tlog
C:\USERS\USER\DESKTOP\VISUAL C++ PRACTICE\LEARN\LEARN\DEBUG\LEARN.EXE.INTERMEDIATE.MANIFEST
C:\USERS\USER\DESKTOP\VISUAL C++ PRACTICE\LEARN\LEARN\DEBUG\LEARN.FORM1.RESOURCES
C:\USERS\USER\DESKTOP\VISUAL C++ PRACTICE\LEARN\LEARN\DEBUG\LEARN.OBJ
C:\USERS\USER\DESKTOP\VISUAL C++ PRACTICE\LEARN\LEARN\DEBUG\LEARN.PCH
C:\Users\user\Desktop\Visual C++ practice\learn\learn\Debug\learn.vcxproj.GenerateResource.Cache
C:\Users\user\Desktop\Visual C++ practice\learn\learn\Debug\learn.vcxprojResolveAssemblyReference.cache
C:\Users\user\Desktop\Visual C++ practice\learn\learn\Debug\learn.write.1.tlog
C:\Users\user\Desktop\Visual C++ practice\learn\learn\Debug\link.1756.read.1.tlog
C:\Users\user\Desktop\Visual C++ practice\learn\learn\Debug\link.1756.write.1.tlog
C:\Users\user\Desktop\Visual C++ practice\learn\learn\Debug\link.1756-cvtres.read.1.tlog
C:\Users\user\Desktop\Visual C++ practice\learn\learn\Debug\link.1756-cvtres.write.1.tlog
C:\Users\user\Desktop\Visual C++ practice\learn\learn\Debug\link.8272.read.1.tlog
C:\Users\user\Desktop\Visual C++ practice\learn\learn\Debug\link.8272.write.1.tlog
C:\Users\user\Desktop\Visual C++ practice\learn\learn\Debug\link.8272-cvtres.read.1.tlog
C:\Users\user\Desktop\Visual C++ practice\learn\learn\Debug\link.8272-cvtres.write.1.tlog
C:\Users\user\Desktop\Visual C++ practice\learn\learn\Debug\link.command.1.tlog
C:\Users\user\Desktop\Visual C++ practice\learn\learn\Debug\link.read.1.tlog
C:\Users\user\Desktop\Visual C++ practice\learn\learn\Debug\link.write.1.tlog
C:\Users\user\Desktop\Visual C++ practice\learn\learn\Debug\metagen.read.1.tlog
C:\Users\user\Desktop\Visual C++ practice\learn\learn\Debug\metagen.write.1.tlog
C:\Users\user\Desktop\Visual C++ practice\learn\learn\Debug\mt.command.1.tlog
C:\Users\user\Desktop\Visual C++ practice\learn\learn\Debug\mt.read.1.tlog
C:\Users\user\Desktop\Visual C++ practice\learn\learn\Debug\mt.write.1.tlog
C:\Users\user\Desktop\Visual C++ practice\learn\learn\Debug\rc.command.1.tlog
C:\Users\user\Desktop\Visual C++ practice\learn\learn\Debug\rc.read.1.tlog
C:\Users\user\Desktop\Visual C++ practice\learn\learn\Debug\rc.write.1.tlog
C:\Users\user\Desktop\Visual C++ practice\learn\learn\Debug\RSAENH.DLL.bi
C:\USERS\USER\DESKTOP\VISUAL C++ PRACTICE\LEARN\LEARN\DEBUG\STDAFX.OBJ
C:\Users\user\Desktop\Visual C++ practice\learn\learn\Debug\TZRES.DLL.bi
C:\USERS\USER\DESKTOP\VISUAL C++ PRACTICE\LEARN\LEARN\DEBUG\VC100.PDB
