C:\USERS\USER\DESKTOP\SUM\DEBUG\SUM.EXE
C:\USERS\USER\DESKTOP\SUM\DEBUG\SUM.ILK
C:\USERS\USER\DESKTOP\SUM\DEBUG\SUM.PDB
C:\USERS\USER\DESKTOP\SUM\SUM\DEBUG\.NETFRAMEWORK,VERSION=V4.0.ASSEMBLYATTRIBUTES.OBJ
C:\USERS\USER\DESKTOP\SUM\SUM\DEBUG\APP.RES
C:\USERS\USER\DESKTOP\SUM\SUM\DEBUG\ASSEMBLYINFO.OBJ
C:\Users\user\Desktop\Sum\Sum\Debug\cl.command.1.tlog
C:\Users\user\Desktop\Sum\Sum\Debug\CL.read.1.tlog
C:\Users\user\Desktop\Sum\Sum\Debug\CL.write.1.tlog
C:\Users\user\Desktop\Sum\Sum\Debug\GenerateResource.read.155.tlog
C:\Users\user\Desktop\Sum\Sum\Debug\GenerateResource.read.162.tlog
C:\Users\user\Desktop\Sum\Sum\Debug\GenerateResource.write.155.tlog
C:\Users\user\Desktop\Sum\Sum\Debug\GenerateResource.write.162.tlog
C:\Users\user\Desktop\Sum\Sum\Debug\link.7408.read.1.tlog
C:\Users\user\Desktop\Sum\Sum\Debug\link.7408.write.1.tlog
C:\Users\user\Desktop\Sum\Sum\Debug\link.7408-cvtres.read.1.tlog
C:\Users\user\Desktop\Sum\Sum\Debug\link.7408-cvtres.write.1.tlog
C:\Users\user\Desktop\Sum\Sum\Debug\link.8060.read.1.tlog
C:\Users\user\Desktop\Sum\Sum\Debug\link.8060.write.1.tlog
C:\Users\user\Desktop\Sum\Sum\Debug\link.8060-cvtres.read.1.tlog
C:\Users\user\Desktop\Sum\Sum\Debug\link.8060-cvtres.write.1.tlog
C:\Users\user\Desktop\Sum\Sum\Debug\link.command.1.tlog
C:\Users\user\Desktop\Sum\Sum\Debug\link.read.1.tlog
C:\Users\user\Desktop\Sum\Sum\Debug\link.write.1.tlog
C:\Users\user\Desktop\Sum\Sum\Debug\metagen.read.1.tlog
C:\Users\user\Desktop\Sum\Sum\Debug\metagen.write.1.tlog
C:\Users\user\Desktop\Sum\Sum\Debug\mt.command.1.tlog
C:\Users\user\Desktop\Sum\Sum\Debug\mt.read.1.tlog
C:\Users\user\Desktop\Sum\Sum\Debug\mt.write.1.tlog
C:\Users\user\Desktop\Sum\Sum\Debug\rc.command.1.tlog
C:\Users\user\Desktop\Sum\Sum\Debug\rc.read.1.tlog
C:\Users\user\Desktop\Sum\Sum\Debug\rc.write.1.tlog
C:\Users\user\Desktop\Sum\Sum\Debug\RSAENH.DLL.bi
C:\USERS\USER\DESKTOP\SUM\SUM\DEBUG\STDAFX.OBJ
C:\USERS\USER\DESKTOP\SUM\SUM\DEBUG\SUM.EXE.INTERMEDIATE.MANIFEST
C:\USERS\USER\DESKTOP\SUM\SUM\DEBUG\SUM.FORM1.RESOURCES
C:\Users\user\Desktop\Sum\Sum\Debug\Sum.obj
C:\USERS\USER\DESKTOP\SUM\SUM\DEBUG\SUM.PCH
C:\Users\user\Desktop\Sum\Sum\Debug\Sum.write.1.tlog
C:\Users\user\Desktop\Sum\Sum\Debug\TZRES.DLL.bi
C:\USERS\USER\DESKTOP\SUM\SUM\DEBUG\VC100.PDB
