C:\USERS\USER\DROPBOX\MYSQL_EXAMPLE\MYSQL_EXAMPLE\DEBUG\MYSQL_EXAMPLE.EXE
C:\USERS\USER\DROPBOX\MYSQL_EXAMPLE\MYSQL_EXAMPLE\DEBUG\MYSQL_EXAMPLE.ILK
C:\USERS\USER\DROPBOX\MYSQL_EXAMPLE\MYSQL_EXAMPLE\DEBUG\MYSQL_EXAMPLE.PDB
C:\USERS\USER\DROPBOX\MYSQL_EXAMPLE\MYSQL_EXAMPLE\MYSQL_EXAMPLE\DEBUG\.NETFRAMEWORK,VERSION=V4.0.ASSEMBLYATTRIBUTES.OBJ
C:\USERS\USER\DROPBOX\MYSQL_EXAMPLE\MYSQL_EXAMPLE\MYSQL_EXAMPLE\DEBUG\APP.RES
C:\USERS\USER\DROPBOX\MYSQL_EXAMPLE\MYSQL_EXAMPLE\MYSQL_EXAMPLE\DEBUG\ASSEMBLYINFO.OBJ
C:\USERS\USER\DROPBOX\MYSQL_EXAMPLE\MYSQL_EXAMPLE\MYSQL_EXAMPLE\DEBUG\BOOK.OBJ
C:\Users\user\Dropbox\MYSQL_Example\MYSQL_Example\MYSQL_Example\Debug\cl.command.1.tlog
C:\Users\user\Dropbox\MYSQL_Example\MYSQL_Example\MYSQL_Example\Debug\CL.read.1.tlog
C:\Users\user\Dropbox\MYSQL_Example\MYSQL_Example\MYSQL_Example\Debug\CL.write.1.tlog
C:\USERS\USER\DROPBOX\MYSQL_EXAMPLE\MYSQL_EXAMPLE\MYSQL_EXAMPLE\DEBUG\COMMODITY.OBJ
C:\USERS\USER\DROPBOX\MYSQL_EXAMPLE\MYSQL_EXAMPLE\MYSQL_EXAMPLE\DEBUG\CUSTOMER.OBJ
C:\USERS\USER\DROPBOX\MYSQL_EXAMPLE\MYSQL_EXAMPLE\MYSQL_EXAMPLE\DEBUG\DAILY_NECESSITIES.OBJ
C:\USERS\USER\DROPBOX\MYSQL_EXAMPLE\MYSQL_EXAMPLE\MYSQL_EXAMPLE\DEBUG\DRINK.OBJ
C:\USERS\USER\DROPBOX\MYSQL_EXAMPLE\MYSQL_EXAMPLE\MYSQL_EXAMPLE\DEBUG\FOOD.OBJ
C:\Users\user\Dropbox\MYSQL_Example\MYSQL_Example\MYSQL_Example\Debug\link.4488.read.1.tlog
C:\Users\user\Dropbox\MYSQL_Example\MYSQL_Example\MYSQL_Example\Debug\link.4488.write.1.tlog
C:\Users\user\Dropbox\MYSQL_Example\MYSQL_Example\MYSQL_Example\Debug\link.4488-cvtres.read.1.tlog
C:\Users\user\Dropbox\MYSQL_Example\MYSQL_Example\MYSQL_Example\Debug\link.4488-cvtres.write.1.tlog
C:\Users\user\Dropbox\MYSQL_Example\MYSQL_Example\MYSQL_Example\Debug\link.7128.read.1.tlog
C:\Users\user\Dropbox\MYSQL_Example\MYSQL_Example\MYSQL_Example\Debug\link.7128.write.1.tlog
C:\Users\user\Dropbox\MYSQL_Example\MYSQL_Example\MYSQL_Example\Debug\link.7128-cvtres.read.1.tlog
C:\Users\user\Dropbox\MYSQL_Example\MYSQL_Example\MYSQL_Example\Debug\link.7128-cvtres.write.1.tlog
C:\Users\user\Dropbox\MYSQL_Example\MYSQL_Example\MYSQL_Example\Debug\link.7620.read.1.tlog
C:\Users\user\Dropbox\MYSQL_Example\MYSQL_Example\MYSQL_Example\Debug\link.7620.write.1.tlog
C:\Users\user\Dropbox\MYSQL_Example\MYSQL_Example\MYSQL_Example\Debug\link.7620-cvtres.read.1.tlog
C:\Users\user\Dropbox\MYSQL_Example\MYSQL_Example\MYSQL_Example\Debug\link.7620-cvtres.write.1.tlog
C:\Users\user\Dropbox\MYSQL_Example\MYSQL_Example\MYSQL_Example\Debug\link.command.1.tlog
C:\Users\user\Dropbox\MYSQL_Example\MYSQL_Example\MYSQL_Example\Debug\link.read.1.tlog
C:\Users\user\Dropbox\MYSQL_Example\MYSQL_Example\MYSQL_Example\Debug\link.write.1.tlog
C:\Users\user\Dropbox\MYSQL_Example\MYSQL_Example\MYSQL_Example\Debug\metagen.read.1.tlog
C:\USERS\USER\DROPBOX\MYSQL_EXAMPLE\MYSQL_EXAMPLE\MYSQL_EXAMPLE\DEBUG\METAGEN.WRITE.1.TLOG
C:\Users\user\Dropbox\MYSQL_Example\MYSQL_Example\MYSQL_Example\Debug\mt.command.1.tlog
C:\Users\user\Dropbox\MYSQL_Example\MYSQL_Example\MYSQL_Example\Debug\mt.read.1.tlog
C:\Users\user\Dropbox\MYSQL_Example\MYSQL_Example\MYSQL_Example\Debug\mt.write.1.tlog
C:\Users\user\Dropbox\MYSQL_Example\MYSQL_Example\MYSQL_Example\Debug\MYSQL.DATA.DLL.metagen
C:\USERS\USER\DROPBOX\MYSQL_EXAMPLE\MYSQL_EXAMPLE\MYSQL_EXAMPLE\DEBUG\MYSQL_EXAMPLE.EXE.INTERMEDIATE.MANIFEST
C:\Users\user\Dropbox\MYSQL_Example\MYSQL_Example\MYSQL_Example\Debug\MYSQL_Example.Form1.resources
C:\USERS\USER\DROPBOX\MYSQL_EXAMPLE\MYSQL_EXAMPLE\MYSQL_EXAMPLE\DEBUG\MYSQL_EXAMPLE.OBJ
C:\Users\user\Dropbox\MYSQL_Example\MYSQL_Example\MYSQL_Example\Debug\MYSQL_Example.search_commodities.resources
C:\Users\user\Dropbox\MYSQL_Example\MYSQL_Example\MYSQL_Example\Debug\MYSQL_Example.staff.resources
C:\Users\user\Dropbox\MYSQL_Example\MYSQL_Example\MYSQL_Example\Debug\MYSQL_Example.store.resources
C:\Users\user\Dropbox\MYSQL_Example\MYSQL_Example\MYSQL_Example\Debug\MYSQL_Example.store_commodities.resources
C:\Users\user\Dropbox\MYSQL_Example\MYSQL_Example\MYSQL_Example\Debug\MYSQL_Example.vcxproj.GenerateResource.Cache
C:\Users\user\Dropbox\MYSQL_Example\MYSQL_Example\MYSQL_Example\Debug\MYSQL_Example.write.1.tlog
C:\Users\user\Dropbox\MYSQL_Example\MYSQL_Example\MYSQL_Example\Debug\rc.command.1.tlog
C:\Users\user\Dropbox\MYSQL_Example\MYSQL_Example\MYSQL_Example\Debug\rc.read.1.tlog
C:\Users\user\Dropbox\MYSQL_Example\MYSQL_Example\MYSQL_Example\Debug\rc.write.1.tlog
C:\Users\user\Dropbox\MYSQL_Example\MYSQL_Example\MYSQL_Example\Debug\RSAENH.DLL.bi
C:\USERS\USER\DROPBOX\MYSQL_EXAMPLE\MYSQL_EXAMPLE\MYSQL_EXAMPLE\DEBUG\SEARCH_COMMODITIES.OBJ
C:\USERS\USER\DROPBOX\MYSQL_EXAMPLE\MYSQL_EXAMPLE\MYSQL_EXAMPLE\DEBUG\STAFF.OBJ
C:\Users\user\Dropbox\MYSQL_Example\MYSQL_Example\MYSQL_Example\Debug\stdafx.obj
C:\USERS\USER\DROPBOX\MYSQL_EXAMPLE\MYSQL_EXAMPLE\MYSQL_EXAMPLE\DEBUG\STORE.OBJ
C:\USERS\USER\DROPBOX\MYSQL_EXAMPLE\MYSQL_EXAMPLE\MYSQL_EXAMPLE\DEBUG\STORE_COMMODITIES.OBJ
C:\Users\user\Dropbox\MYSQL_Example\MYSQL_Example\MYSQL_Example\Debug\TZRES.DLL.bi
C:\USERS\USER\DROPBOX\MYSQL_EXAMPLE\MYSQL_EXAMPLE\MYSQL_EXAMPLE\DEBUG\VC100.PDB
