已經開始建置於 2014/4/24 上午 11:14:06。
     1>節點 2 (build 目標) 上的專案 "C:\Users\user\Dropbox\大三上\AOOP\project\mysql_example\mysql_example\MYSQL_Example\MYSQL_Example.vcxproj"。
     1>InitializeBuildStatus:
         由於指定了 "AlwaysCreate"，因此正在建立 "Debug\MYSQL_Example.unsuccessfulbuild"。
       ClCompile:
         所有輸出都是最新的。
         所有輸出都是最新的。
         C:\Program Files (x86)\Microsoft Visual Studio 10.0\VC\bin\CL.exe /c /Zi /clr:pure /nologo /W3 /WX- /Od /Oy- /D WIN32 /D _DEBUG /D _UNICODE /D UNICODE /EHa /MDd /GS /fp:precise /Zc:wchar_t /Zc:forScope /Fo"Debug\\" /Fd"Debug\vc100.pdb" /TP /analyze- /errorReport:prompt "C:\Users\user\AppData\Local\Temp\.NETFramework,Version=v4.0.AssemblyAttributes.cpp"
         .NETFramework,Version=v4.0.AssemblyAttributes.cpp
       CoreResGen:
         相對於資源的來源檔案，並沒有資源過期。將略過產生資源。
       ResourceCompile:
         所有輸出都是最新的。
       Link:
         C:\Program Files (x86)\Microsoft Visual Studio 10.0\VC\bin\link.exe /ERRORREPORT:PROMPT /OUT:"C:\Users\user\Dropbox\大三上\AOOP\project\mysql_example\mysql_example\Debug\MYSQL_Example.exe" /INCREMENTAL /NOLOGO /ASSEMBLYRESOURCE:Debug\MYSQL_Example.Form1.resources /ASSEMBLYRESOURCE:Debug\MYSQL_Example.search_commodities.resources /ASSEMBLYRESOURCE:Debug\MYSQL_Example.staff.resources /ASSEMBLYRESOURCE:Debug\MYSQL_Example.store.resources /ASSEMBLYRESOURCE:Debug\MYSQL_Example.store_commodities.resources /MANIFEST /ManifestFile:"Debug\MYSQL_Example.exe.intermediate.manifest" /MANIFESTUAC:"level='asInvoker' uiAccess='false'" /DEBUG /PDB:"C:\Users\user\Dropbox\大三上\AOOP\project\mysql_example\mysql_example\Debug\MYSQL_Example.pdb" /ASSEMBLYDEBUG /SUBSYSTEM:WINDOWS /TLBID:1 /ENTRY:"main" /DYNAMICBASE /FIXED:NO /NXCOMPAT /MACHINE:X86 Debug\app.res
         Debug\AssemblyInfo.obj
         Debug\book.obj
         Debug\commodity.obj
         Debug\customer.obj
         Debug\daily_necessities.obj
         Debug\drink.obj
         Debug\food.obj
         Debug\MYSQL_Example.obj
         Debug\search_commodities.obj
         Debug\staff.obj
         Debug\stdafx.obj
         Debug\store.obj
         Debug\store_commodities.obj
         "Debug\.NETFramework,Version=v4.0.AssemblyAttributes.obj"
         MYSQL_Example.vcxproj -> C:\Users\user\Dropbox\大三上\AOOP\project\mysql_example\mysql_example\Debug\MYSQL_Example.exe
       Manifest:
         C:\Program Files (x86)\Microsoft SDKs\Windows\v7.0A\bin\mt.exe /nologo /verbose /outputresource:"C:\Users\user\Dropbox\大三上\AOOP\project\mysql_example\mysql_example\Debug\MYSQL_Example.exe;#1" /manifest Debug\MYSQL_Example.exe.intermediate.manifest
       FinalizeBuildStatus:
         正在刪除檔案 "Debug\MYSQL_Example.unsuccessfulbuild"。
         正在變更時間戳記 "Debug\MYSQL_Example.lastbuildstate"。
     1>專案 "C:\Users\user\Dropbox\大三上\AOOP\project\mysql_example\mysql_example\MYSQL_Example\MYSQL_Example.vcxproj" (build 目標) 建置完成。

建置成功。

經過時間 00:00:09.31
