C:\USERS\USER\DESKTOP\FORSUM\DEBUG\FORSUM.EXE
C:\USERS\USER\DESKTOP\FORSUM\DEBUG\FORSUM.ILK
C:\USERS\USER\DESKTOP\FORSUM\DEBUG\FORSUM.PDB
C:\USERS\USER\DESKTOP\FORSUM\FORSUM\DEBUG\.NETFRAMEWORK,VERSION=V4.0.ASSEMBLYATTRIBUTES.OBJ
C:\USERS\USER\DESKTOP\FORSUM\FORSUM\DEBUG\APP.RES
C:\USERS\USER\DESKTOP\FORSUM\FORSUM\DEBUG\ASSEMBLYINFO.OBJ
C:\Users\user\Desktop\ForSum\ForSum\Debug\cl.command.1.tlog
C:\Users\user\Desktop\ForSum\ForSum\Debug\CL.read.1.tlog
C:\Users\user\Desktop\ForSum\ForSum\Debug\CL.write.1.tlog
C:\USERS\USER\DESKTOP\FORSUM\FORSUM\DEBUG\FORSUM.EXE.INTERMEDIATE.MANIFEST
C:\USERS\USER\DESKTOP\FORSUM\FORSUM\DEBUG\FORSUM.FORM1.RESOURCES
C:\Users\user\Desktop\ForSum\ForSum\Debug\ForSum.obj
C:\USERS\USER\DESKTOP\FORSUM\FORSUM\DEBUG\FORSUM.PCH
C:\Users\user\Desktop\ForSum\ForSum\Debug\ForSum.write.1.tlog
C:\Users\user\Desktop\ForSum\ForSum\Debug\GenerateResource.read.1.tlog
C:\Users\user\Desktop\ForSum\ForSum\Debug\GenerateResource.read.10.tlog
C:\Users\user\Desktop\ForSum\ForSum\Debug\GenerateResource.read.231.tlog
C:\Users\user\Desktop\ForSum\ForSum\Debug\GenerateResource.write.1.tlog
C:\Users\user\Desktop\ForSum\ForSum\Debug\GenerateResource.write.10.tlog
C:\Users\user\Desktop\ForSum\ForSum\Debug\GenerateResource.write.231.tlog
C:\Users\user\Desktop\ForSum\ForSum\Debug\link.5548.read.1.tlog
C:\Users\user\Desktop\ForSum\ForSum\Debug\link.5548.write.1.tlog
C:\Users\user\Desktop\ForSum\ForSum\Debug\link.5548-cvtres.read.1.tlog
C:\Users\user\Desktop\ForSum\ForSum\Debug\link.5548-cvtres.write.1.tlog
C:\Users\user\Desktop\ForSum\ForSum\Debug\link.8092.read.1.tlog
C:\Users\user\Desktop\ForSum\ForSum\Debug\link.8092.write.1.tlog
C:\Users\user\Desktop\ForSum\ForSum\Debug\link.8092-cvtres.read.1.tlog
C:\Users\user\Desktop\ForSum\ForSum\Debug\link.8092-cvtres.write.1.tlog
C:\Users\user\Desktop\ForSum\ForSum\Debug\link.8340.read.1.tlog
C:\Users\user\Desktop\ForSum\ForSum\Debug\link.8340.write.1.tlog
C:\Users\user\Desktop\ForSum\ForSum\Debug\link.8340-cvtres.read.1.tlog
C:\Users\user\Desktop\ForSum\ForSum\Debug\link.8340-cvtres.write.1.tlog
C:\Users\user\Desktop\ForSum\ForSum\Debug\link.9180.read.1.tlog
C:\Users\user\Desktop\ForSum\ForSum\Debug\link.9180.write.1.tlog
C:\Users\user\Desktop\ForSum\ForSum\Debug\link.9180-cvtres.read.1.tlog
C:\Users\user\Desktop\ForSum\ForSum\Debug\link.9180-cvtres.write.1.tlog
C:\Users\user\Desktop\ForSum\ForSum\Debug\link.command.1.tlog
C:\Users\user\Desktop\ForSum\ForSum\Debug\link.read.1.tlog
C:\Users\user\Desktop\ForSum\ForSum\Debug\link.write.1.tlog
C:\Users\user\Desktop\ForSum\ForSum\Debug\metagen.read.1.tlog
C:\Users\user\Desktop\ForSum\ForSum\Debug\metagen.write.1.tlog
C:\Users\user\Desktop\ForSum\ForSum\Debug\mt.command.1.tlog
C:\Users\user\Desktop\ForSum\ForSum\Debug\mt.read.1.tlog
C:\Users\user\Desktop\ForSum\ForSum\Debug\mt.write.1.tlog
C:\Users\user\Desktop\ForSum\ForSum\Debug\rc.command.1.tlog
C:\Users\user\Desktop\ForSum\ForSum\Debug\rc.read.1.tlog
C:\Users\user\Desktop\ForSum\ForSum\Debug\rc.write.1.tlog
C:\Users\user\Desktop\ForSum\ForSum\Debug\RSAENH.DLL.bi
C:\USERS\USER\DESKTOP\FORSUM\FORSUM\DEBUG\STDAFX.OBJ
C:\Users\user\Desktop\ForSum\ForSum\Debug\TZRES.DLL.bi
C:\USERS\USER\DESKTOP\FORSUM\FORSUM\DEBUG\VC100.PDB
